2025-04-13 15:27:12.816 INFO  (main) [   ] o.e.j.u.log Logging initialized @530ms to org.eclipse.jetty.util.log.Slf4jLog
2025-04-13 15:27:12.976 INFO  (main) [   ] o.e.j.s.Server jetty-9.4.53.v20231009; built: 2023-10-09T12:29:09.265Z; git: 27bde00a0b95a1d5bbee0eae7984f891d2d0f8c9; jvm 21+35-2513
2025-04-13 15:27:12.982 INFO  (main) [   ] o.e.j.d.p.ScanningAppProvider Deployment monitor [file:///Users/malcs/Desktop/Y3S2/SC4021/SC4021/solr-8.11.4/server/contexts/] at interval 0
2025-04-13 15:27:13.154 INFO  (main) [   ] o.e.j.w.StandardDescriptorProcessor NO JSP Support for /solr, did not find org.apache.jasper.servlet.JspServlet
2025-04-13 15:27:13.163 INFO  (main) [   ] o.e.j.s.session DefaultSessionIdManager workerName=node0
2025-04-13 15:27:13.163 INFO  (main) [   ] o.e.j.s.session No SessionScavenger set, using defaults
2025-04-13 15:27:13.164 INFO  (main) [   ] o.e.j.s.session node0 Scavenging every 600000ms
2025-04-13 15:27:13.190 INFO  (main) [   ] o.a.s.s.SolrDispatchFilter Using logger factory org.apache.logging.slf4j.Log4jLoggerFactory
2025-04-13 15:27:13.193 INFO  (main) [   ] o.a.s.s.SolrDispatchFilter  ___      _       Welcome to Apache Solr™ version 8.11.4
2025-04-13 15:27:13.193 INFO  (main) [   ] o.a.s.s.SolrDispatchFilter / __| ___| |_ _   Starting in standalone mode on port 8983
2025-04-13 15:27:13.193 INFO  (main) [   ] o.a.s.s.SolrDispatchFilter \__ \/ _ \ | '_|  Install dir: /Users/malcs/Desktop/Y3S2/SC4021/SC4021/solr-8.11.4
2025-04-13 15:27:13.193 INFO  (main) [   ] o.a.s.s.SolrDispatchFilter |___/\___/_|_|    Start time: 2025-04-13T15:27:13.193355Z
2025-04-13 15:27:13.200 INFO  (main) [   ] o.a.s.c.SolrPaths Using system property solr.solr.home: /Users/malcs/Desktop/Y3S2/SC4021/SC4021/solr-8.11.4/server/solr
2025-04-13 15:27:13.200 INFO  (main) [   ] o.a.s.c.SolrXmlConfig Loading container configuration from /Users/malcs/Desktop/Y3S2/SC4021/SC4021/solr-8.11.4/server/solr/solr.xml
2025-04-13 15:27:13.238 INFO  (main) [   ] o.a.s.c.SolrXmlConfig MBean server found: com.sun.jmx.mbeanserver.JmxMBeanServer@5f049ea1, but no JMX reporters were configured - adding default JMX reporter.
2025-04-13 15:27:13.474 INFO  (main) [   ] o.a.s.h.c.HttpShardHandlerFactory Host whitelist initialized: WhitelistHostChecker [whitelistHosts=null, whitelistHostCheckingEnabled=true]
2025-04-13 15:27:13.559 WARN  (main) [   ] o.e.j.u.s.S.config Trusting all certificates configured for Client@684b31de[provider=null,keyStore=null,trustStore=null]
2025-04-13 15:27:13.559 WARN  (main) [   ] o.e.j.u.s.S.config No Client EndPointIdentificationAlgorithm configured for Client@684b31de[provider=null,keyStore=null,trustStore=null]
2025-04-13 15:27:13.625 WARN  (main) [   ] o.e.j.u.s.S.config Trusting all certificates configured for Client@22eaa86e[provider=null,keyStore=null,trustStore=null]
2025-04-13 15:27:13.626 WARN  (main) [   ] o.e.j.u.s.S.config No Client EndPointIdentificationAlgorithm configured for Client@22eaa86e[provider=null,keyStore=null,trustStore=null]
2025-04-13 15:27:13.642 WARN  (main) [   ] o.a.s.c.CoreContainer Not all security plugins configured!  authentication=disabled authorization=disabled.  Solr is only as secure as you make it. Consider configuring authentication/authorization before exposing Solr to users internal or external.  See https://s.apache.org/solrsecurity for more info
2025-04-13 15:27:13.707 INFO  (main) [   ] o.a.s.c.TransientSolrCoreCacheDefault Allocating transient core cache for max 2147483647 cores with initial capacity of 1024
2025-04-13 15:27:13.712 INFO  (main) [   ] o.a.s.h.a.MetricsHistoryHandler No .system collection, keeping metrics history in memory.
2025-04-13 15:27:13.740 INFO  (main) [   ] o.a.s.m.r.SolrJmxReporter JMX monitoring for 'solr.node' (registry 'solr.node') enabled at server: com.sun.jmx.mbeanserver.JmxMBeanServer@5f049ea1
2025-04-13 15:27:13.741 INFO  (main) [   ] o.a.s.m.r.SolrJmxReporter JMX monitoring for 'solr.jvm' (registry 'solr.jvm') enabled at server: com.sun.jmx.mbeanserver.JmxMBeanServer@5f049ea1
2025-04-13 15:27:13.741 INFO  (main) [   ] o.a.s.m.r.SolrJmxReporter JMX monitoring for 'solr.jetty' (registry 'solr.jetty') enabled at server: com.sun.jmx.mbeanserver.JmxMBeanServer@5f049ea1
2025-04-13 15:27:13.760 INFO  (main) [   ] o.a.s.c.CorePropertiesLocator Found 1 core definitions underneath /Users/malcs/Desktop/Y3S2/SC4021/SC4021/solr-8.11.4/server/solr
2025-04-13 15:27:13.760 INFO  (main) [   ] o.a.s.c.CorePropertiesLocator Cores are: [testingcore]
2025-04-13 15:27:13.774 INFO  (coreLoadExecutor-13-thread-1) [   x:testingcore] o.a.s.c.SolrConfig Using Lucene MatchVersion: 8.11.4
2025-04-13 15:27:13.786 INFO  (main) [   ] o.e.j.s.h.ContextHandler Started o.e.j.w.WebAppContext@1568159{/solr,file:///Users/malcs/Desktop/Y3S2/SC4021/SC4021/solr-8.11.4/server/solr-webapp/webapp/,AVAILABLE}{/Users/malcs/Desktop/Y3S2/SC4021/SC4021/solr-8.11.4/server/solr-webapp/webapp}
2025-04-13 15:27:13.788 WARN  (coreLoadExecutor-13-thread-1) [   x:testingcore] o.a.s.c.SolrConfig solrconfig.xml: <jmx> is no longer supported, use solr.xml:/metrics/reporter section instead
2025-04-13 15:27:13.791 INFO  (main) [   ] o.e.j.s.AbstractConnector Started ServerConnector@29df4d43{HTTP/1.1, (http/1.1, h2c)}{0.0.0.0:8983}
2025-04-13 15:27:13.791 INFO  (main) [   ] o.e.j.s.Server Started @1505ms
2025-04-13 15:27:13.808 INFO  (coreLoadExecutor-13-thread-1) [   x:testingcore] o.a.s.s.IndexSchema Schema name=default-config
2025-04-13 15:27:13.938 WARN  (coreLoadExecutor-13-thread-1) [   x:testingcore] o.a.s.s.AbstractSpatialPrefixTreeFieldType FieldType SpatialRecursivePrefixTreeFieldType does not allow omitNorms to be specified in schema, hardcoded behavior is omitNorms=true
2025-04-13 15:27:13.938 WARN  (coreLoadExecutor-13-thread-1) [   x:testingcore] o.a.s.s.AbstractSpatialPrefixTreeFieldType FieldType SpatialRecursivePrefixTreeFieldType does not allow omitTermFreqAndPositions to be specified in schema, hardcoded behavior is omitTermFreqAndPositions=true
2025-04-13 15:27:13.938 WARN  (coreLoadExecutor-13-thread-1) [   x:testingcore] o.a.s.s.AbstractSpatialPrefixTreeFieldType FieldType SpatialRecursivePrefixTreeFieldType does not allow termOffsets to be specified in schema, hardcoded behavior is termOffsets=false
2025-04-13 15:27:13.938 WARN  (coreLoadExecutor-13-thread-1) [   x:testingcore] o.a.s.s.AbstractSpatialPrefixTreeFieldType FieldType SpatialRecursivePrefixTreeFieldType does not allow termPositions to be specified in schema, hardcoded behavior is termPositions=false
2025-04-13 15:27:13.938 WARN  (coreLoadExecutor-13-thread-1) [   x:testingcore] o.a.s.s.AbstractSpatialPrefixTreeFieldType FieldType SpatialRecursivePrefixTreeFieldType does not allow omitPositions to be specified in schema, hardcoded behavior is omitPositions=true
2025-04-13 15:27:14.006 INFO  (coreLoadExecutor-13-thread-1) [   x:testingcore] o.a.s.s.IndexSchema Loaded schema default-config/1.6 with uniqueid field id
2025-04-13 15:27:14.021 INFO  (coreLoadExecutor-13-thread-1) [   x:testingcore] o.a.s.c.CoreContainer Creating SolrCore 'testingcore' using configuration from instancedir /Users/malcs/Desktop/Y3S2/SC4021/SC4021/solr-8.11.4/server/solr/testingcore, trusted=true
2025-04-13 15:27:14.032 INFO  (coreLoadExecutor-13-thread-1) [   x:testingcore] o.a.s.m.r.SolrJmxReporter JMX monitoring for 'solr.core.testingcore' (registry 'solr.core.testingcore') enabled at server: com.sun.jmx.mbeanserver.JmxMBeanServer@5f049ea1
2025-04-13 15:27:14.039 INFO  (coreLoadExecutor-13-thread-1) [   x:testingcore] o.a.s.c.SolrCore [[testingcore] ] Opening new SolrCore at [/Users/malcs/Desktop/Y3S2/SC4021/SC4021/solr-8.11.4/server/solr/testingcore], dataDir=[/Users/malcs/Desktop/Y3S2/SC4021/SC4021/solr-8.11.4/server/solr/testingcore/data/]
2025-04-13 15:27:14.256 INFO  (coreLoadExecutor-13-thread-1) [   x:testingcore] o.a.s.u.UpdateHandler Using UpdateLog implementation: org.apache.solr.update.UpdateLog
2025-04-13 15:27:14.256 INFO  (coreLoadExecutor-13-thread-1) [   x:testingcore] o.a.s.u.UpdateLog Initializing UpdateLog: dataDir= defaultSyncLevel=FLUSH numRecordsToKeep=100 maxNumLogsToKeep=10 numVersionBuckets=65536
2025-04-13 15:27:14.265 INFO  (coreLoadExecutor-13-thread-1) [   x:testingcore] o.a.s.u.CommitTracker Hard AutoCommit: if uncommitted for 15000ms; 
2025-04-13 15:27:14.265 INFO  (coreLoadExecutor-13-thread-1) [   x:testingcore] o.a.s.u.CommitTracker Soft AutoCommit: disabled
2025-04-13 15:27:14.360 INFO  (coreLoadExecutor-13-thread-1) [   x:testingcore] o.a.s.r.ManagedResourceStorage File-based storage initialized to use dir: /Users/malcs/Desktop/Y3S2/SC4021/SC4021/solr-8.11.4/server/solr/testingcore/conf
2025-04-13 15:27:14.367 INFO  (coreLoadExecutor-13-thread-1) [   x:testingcore] o.a.s.h.c.SpellCheckComponent Initializing spell checkers
2025-04-13 15:27:14.370 INFO  (coreLoadExecutor-13-thread-1) [   x:testingcore] o.a.s.s.DirectSolrSpellChecker init: {name=default,field=comment_content,classname=solr.DirectSolrSpellChecker,distanceMeasure=internal,accuracy=0.5,maxQueryFrequency=0.01,maxEdits=2,minPrefix=1,maxInspections=5,minQueryLength=2}
2025-04-13 15:27:14.377 INFO  (coreLoadExecutor-13-thread-1) [   x:testingcore] o.a.s.h.ReplicationHandler Commits will be reserved for 10000 ms
2025-04-13 15:27:14.388 INFO  (searcherExecutor-15-thread-1-processing-x:testingcore) [   x:testingcore] o.a.s.c.QuerySenderListener QuerySenderListener done.
2025-04-13 15:27:14.388 INFO  (searcherExecutor-15-thread-1-processing-x:testingcore) [   x:testingcore] o.a.s.h.c.SpellCheckComponent Loading spell index for spellchecker: default
2025-04-13 15:27:14.391 INFO  (searcherExecutor-15-thread-1-processing-x:testingcore) [   x:testingcore] o.a.s.c.SolrCore [testingcore]  Registered new searcher autowarm time: 0 ms
2025-04-13 15:29:14.549 INFO  (qtp1186339926-40) [   ] o.a.s.s.HttpSolrCall HttpSolrCall.init(http://localhost:8983/solr/?null)
2025-04-13 15:29:14.734 INFO  (qtp1186339926-32) [   ] o.a.s.s.HttpSolrCall HttpSolrCall.init(http://localhost:8983/solr/admin/cores?_=1744558154687&indexInfo=false&wt=json)
2025-04-13 15:29:14.735 INFO  (qtp1186339926-33) [   ] o.a.s.s.HttpSolrCall HttpSolrCall.init(http://localhost:8983/solr/admin/info/system?_=1744558154687&wt=json)
2025-04-13 15:29:14.735 INFO  (qtp1186339926-34) [   ] o.a.s.s.HttpSolrCall HttpSolrCall.init(http://localhost:8983/solr/testingcore/select?_=1744558154724&df=comment_content&indent=true&q=water+salt&q.op=AND&rows=1000)
2025-04-13 15:29:14.740 INFO  (qtp1186339926-32) [   ] o.a.s.s.HttpSolrCall [admin] webapp=null path=/admin/cores params={indexInfo=false&wt=json&_=1744558154687} status=0 QTime=5
2025-04-13 15:29:14.747 INFO  (qtp1186339926-33) [   ] o.a.s.s.HttpSolrCall [admin] webapp=null path=/admin/info/system params={wt=json&_=1744558154687} status=0 QTime=11
2025-04-13 15:29:14.828 INFO  (qtp1186339926-34) [   x:testingcore] o.a.s.c.S.Request [testingcore]  webapp=/solr path=/select params={q=water+salt&df=comment_content&indent=true&q.op=AND&rows=1000&_=1744558154724} hits=20 status=0 QTime=93
2025-04-13 15:29:17.164 INFO  (qtp1186339926-39) [   ] o.a.s.s.HttpSolrCall HttpSolrCall.init(http://localhost:8983/solr/?null)
2025-04-13 15:29:17.321 INFO  (qtp1186339926-38) [   ] o.a.s.s.HttpSolrCall HttpSolrCall.init(http://localhost:8983/solr/admin/cores?_=1744558157300&indexInfo=false&wt=json)
2025-04-13 15:29:17.321 INFO  (qtp1186339926-36) [   ] o.a.s.s.HttpSolrCall HttpSolrCall.init(http://localhost:8983/solr/admin/info/system?_=1744558157300&wt=json)
2025-04-13 15:29:17.322 INFO  (qtp1186339926-38) [   ] o.a.s.s.HttpSolrCall [admin] webapp=null path=/admin/cores params={indexInfo=false&wt=json&_=1744558157300} status=0 QTime=0
2025-04-13 15:29:17.324 INFO  (qtp1186339926-34) [   ] o.a.s.s.HttpSolrCall HttpSolrCall.init(http://localhost:8983/solr/testingcore/select?_=1744558157315&df=comment_content&indent=true&q=water+salt&q.op=AND&rows=1000)
2025-04-13 15:29:17.325 INFO  (qtp1186339926-36) [   ] o.a.s.s.HttpSolrCall [admin] webapp=null path=/admin/info/system params={wt=json&_=1744558157300} status=0 QTime=3
2025-04-13 15:29:17.326 INFO  (qtp1186339926-34) [   x:testingcore] o.a.s.c.S.Request [testingcore]  webapp=/solr path=/select params={q=water+salt&df=comment_content&indent=true&q.op=AND&rows=1000&_=1744558157315} hits=20 status=0 QTime=1
2025-04-13 15:29:19.522 INFO  (qtp1186339926-37) [   ] o.a.s.s.HttpSolrCall HttpSolrCall.init(http://localhost:8983/solr/admin/cores?_=1744558157300&indexInfo=false&wt=json)
2025-04-13 15:29:19.522 INFO  (qtp1186339926-40) [   ] o.a.s.s.HttpSolrCall HttpSolrCall.init(http://localhost:8983/solr/admin/info/system?_=1744558157300&wt=json)
2025-04-13 15:29:19.525 INFO  (qtp1186339926-37) [   ] o.a.s.s.HttpSolrCall [admin] webapp=null path=/admin/cores params={indexInfo=false&wt=json&_=1744558157300} status=0 QTime=2
2025-04-13 15:29:19.527 INFO  (qtp1186339926-40) [   ] o.a.s.s.HttpSolrCall [admin] webapp=null path=/admin/info/system params={wt=json&_=1744558157300} status=0 QTime=5
2025-04-13 15:29:19.530 INFO  (qtp1186339926-36) [   ] o.a.s.s.HttpSolrCall HttpSolrCall.init(http://localhost:8983/solr/admin/info/system?_=1744558157300&wt=json)
2025-04-13 15:29:19.531 INFO  (qtp1186339926-36) [   ] o.a.s.s.HttpSolrCall [admin] webapp=null path=/admin/info/system params={wt=json&_=1744558157300} status=0 QTime=1
2025-04-13 15:29:58.474 INFO  (ShutdownMonitor) [   ] o.e.j.s.AbstractConnector Stopped ServerConnector@29df4d43{HTTP/1.1, (http/1.1, h2c)}{0.0.0.0:8983}
2025-04-13 15:29:58.474 INFO  (ShutdownMonitor) [   ] o.e.j.s.session node0 Stopped scavenging
2025-04-13 15:29:58.476 INFO  (ShutdownMonitor) [   ] o.a.s.c.CoreContainer Shutting down CoreContainer instance=256642638
2025-04-13 15:29:58.479 INFO  (coreCloseExecutor-21-thread-1) [   ] o.a.s.c.SolrCore [testingcore]  CLOSING SolrCore org.apache.solr.core.SolrCore@1d826dd1
2025-04-13 15:29:58.479 INFO  (coreCloseExecutor-21-thread-1) [   ] o.a.s.m.SolrMetricManager Closing metric reporters for registry=solr.core.testingcore tag=SolrCore@1d826dd1
2025-04-13 15:29:58.479 INFO  (coreCloseExecutor-21-thread-1) [   ] o.a.s.m.r.SolrJmxReporter Closing reporter [org.apache.solr.metrics.reporters.SolrJmxReporter@6140d271: rootName = null, domain = solr.core.testingcore, service url = null, agent id = null] for registry solr.core.testingcore/com.codahale.metrics.MetricRegistry@3ad37e0a
2025-04-13 15:29:58.490 INFO  (coreCloseExecutor-21-thread-1) [   ] o.a.s.u.DirectUpdateHandler2 Committing on IndexWriter.close()  ... SKIPPED (unnecessary).
2025-04-13 15:29:58.498 INFO  (ShutdownMonitor) [   ] o.a.s.m.SolrMetricManager Closing metric reporters for registry=solr.node tag=null
2025-04-13 15:29:58.498 INFO  (ShutdownMonitor) [   ] o.a.s.m.r.SolrJmxReporter Closing reporter [org.apache.solr.metrics.reporters.SolrJmxReporter@134ff8f8: rootName = null, domain = solr.node, service url = null, agent id = null] for registry solr.node/com.codahale.metrics.MetricRegistry@1aa12e38
2025-04-13 15:29:58.499 INFO  (ShutdownMonitor) [   ] o.a.s.m.SolrMetricManager Closing metric reporters for registry=solr.jvm tag=null
2025-04-13 15:29:58.500 INFO  (ShutdownMonitor) [   ] o.a.s.m.r.SolrJmxReporter Closing reporter [org.apache.solr.metrics.reporters.SolrJmxReporter@2e766822: rootName = null, domain = solr.jvm, service url = null, agent id = null] for registry solr.jvm/com.codahale.metrics.MetricRegistry@3bc25e0f
2025-04-13 15:29:58.500 INFO  (ShutdownMonitor) [   ] o.a.s.m.SolrMetricManager Closing metric reporters for registry=solr.jetty tag=null
2025-04-13 15:29:58.500 INFO  (ShutdownMonitor) [   ] o.a.s.m.r.SolrJmxReporter Closing reporter [org.apache.solr.metrics.reporters.SolrJmxReporter@3003e580: rootName = null, domain = solr.jetty, service url = null, agent id = null] for registry solr.jetty/com.codahale.metrics.MetricRegistry@19618015
2025-04-13 15:29:58.506 INFO  (ShutdownMonitor) [   ] o.e.j.s.h.ContextHandler Stopped o.e.j.w.WebAppContext@1568159{/solr,null,STOPPED}{/Users/malcs/Desktop/Y3S2/SC4021/SC4021/solr-8.11.4/server/solr-webapp/webapp}
