[2025-04-13T23:27:12.290+0800][0.005s] CardTable entry size: 512
[2025-04-13T23:27:12.290+0800][0.005s] Using G1
[2025-04-13T23:27:12.343+0800][0.058s] Version: 21+35-2513 (release)
[2025-04-13T23:27:12.343+0800][0.058s] CPUs: 8 total, 8 available
[2025-04-13T23:27:12.343+0800][0.058s] Memory: 16384M
[2025-04-13T23:27:12.343+0800][0.058s] Large Page Support: Disabled
[2025-04-13T23:27:12.343+0800][0.058s] NUMA Support: Disabled
[2025-04-13T23:27:12.343+0800][0.058s] Compressed Oops: Enabled (Zero based)
[2025-04-13T23:27:12.344+0800][0.058s] Heap Region Size: 1M
[2025-04-13T23:27:12.344+0800][0.058s] Heap Min Capacity: 512M
[2025-04-13T23:27:12.344+0800][0.058s] Heap Initial Capacity: 512M
[2025-04-13T23:27:12.344+0800][0.058s] Heap Max Capacity: 512M
[2025-04-13T23:27:12.344+0800][0.058s] Pre-touch: Enabled
[2025-04-13T23:27:12.344+0800][0.058s] Parallel Workers: 8
[2025-04-13T23:27:12.344+0800][0.058s] Concurrent Workers: 2
[2025-04-13T23:27:12.344+0800][0.058s] Concurrent Refinement Workers: 8
[2025-04-13T23:27:12.344+0800][0.058s] Periodic GC: Disabled
[2025-04-13T23:27:12.349+0800][0.063s] CDS archive(s) mapped at: [0x0000007000000000-0x0000007000ca4000-0x0000007000ca4000), size 13254656, SharedBaseAddress: 0x0000007000000000, ArchiveRelocationMode: 1.
[2025-04-13T23:27:12.349+0800][0.063s] Compressed class space mapped at: 0x0000007001000000-0x0000007041000000, reserved size: 1073741824
[2025-04-13T23:27:12.349+0800][0.063s] Narrow klass base: 0x0000007000000000, Narrow klass shift: 0, Narrow klass range: 0x100000000
[2025-04-13T23:27:12.742+0800][0.457s] GC(0) Pause Young (Normal) (G1 Evacuation Pause)
[2025-04-13T23:27:12.742+0800][0.457s] GC(0) Using 8 workers of 8 for evacuation
[2025-04-13T23:27:12.744+0800][0.459s] GC(0)   Pre Evacuate Collection Set: 0.1ms
[2025-04-13T23:27:12.744+0800][0.459s] GC(0)   Merge Heap Roots: 0.1ms
[2025-04-13T23:27:12.744+0800][0.459s] GC(0)   Evacuate Collection Set: 1.7ms
[2025-04-13T23:27:12.744+0800][0.459s] GC(0)   Post Evacuate Collection Set: 0.2ms
[2025-04-13T23:27:12.744+0800][0.459s] GC(0)   Other: 0.2ms
[2025-04-13T23:27:12.744+0800][0.459s] GC(0) Eden regions: 29->0(55)
[2025-04-13T23:27:12.744+0800][0.459s] GC(0) Survivor regions: 0->4(4)
[2025-04-13T23:27:12.744+0800][0.459s] GC(0) Old regions: 2->5
[2025-04-13T23:27:12.744+0800][0.459s] GC(0) Humongous regions: 4->4
[2025-04-13T23:27:12.744+0800][0.459s] GC(0) Metaspace: 10078K(10304K)->10078K(10304K) NonClass: 8908K(9024K)->8908K(9024K) Class: 1170K(1280K)->1170K(1280K)
[2025-04-13T23:27:12.744+0800][0.459s] GC(0) Pause Young (Normal) (G1 Evacuation Pause) 34M->11M(512M) 2.703ms
[2025-04-13T23:27:12.744+0800][0.459s] GC(0) User=0.01s Sys=0.00s Real=0.00s
[2025-04-13T23:27:13.156+0800][0.871s] GC(1) Pause Young (Normal) (G1 Evacuation Pause)
[2025-04-13T23:27:13.156+0800][0.871s] GC(1) Using 8 workers of 8 for evacuation
[2025-04-13T23:27:13.160+0800][0.875s] GC(1)   Pre Evacuate Collection Set: 0.1ms
[2025-04-13T23:27:13.160+0800][0.875s] GC(1)   Merge Heap Roots: 0.0ms
[2025-04-13T23:27:13.160+0800][0.875s] GC(1)   Evacuate Collection Set: 3.3ms
[2025-04-13T23:27:13.160+0800][0.875s] GC(1)   Post Evacuate Collection Set: 0.6ms
[2025-04-13T23:27:13.160+0800][0.875s] GC(1)   Other: 0.0ms
[2025-04-13T23:27:13.160+0800][0.875s] GC(1) Eden regions: 55->0(62)
[2025-04-13T23:27:13.160+0800][0.875s] GC(1) Survivor regions: 4->8(8)
[2025-04-13T23:27:13.160+0800][0.875s] GC(1) Old regions: 5->15
[2025-04-13T23:27:13.160+0800][0.875s] GC(1) Humongous regions: 4->4
[2025-04-13T23:27:13.160+0800][0.875s] GC(1) Metaspace: 17935K(18304K)->17935K(18304K) NonClass: 15891K(16128K)->15891K(16128K) Class: 2043K(2176K)->2043K(2176K)
[2025-04-13T23:27:13.160+0800][0.875s] GC(1) Pause Young (Normal) (G1 Evacuation Pause) 66M->25M(512M) 4.152ms
[2025-04-13T23:27:13.160+0800][0.875s] GC(1) User=0.02s Sys=0.00s Real=0.01s
[2025-04-13T23:27:13.250+0800][0.965s] GC(2) Pause Young (Concurrent Start) (Metadata GC Threshold)
[2025-04-13T23:27:13.250+0800][0.965s] GC(2) Using 8 workers of 8 for evacuation
[2025-04-13T23:27:13.253+0800][0.968s] GC(2)   Pre Evacuate Collection Set: 0.2ms
[2025-04-13T23:27:13.253+0800][0.968s] GC(2)   Merge Heap Roots: 0.0ms
[2025-04-13T23:27:13.253+0800][0.968s] GC(2)   Evacuate Collection Set: 2.2ms
[2025-04-13T23:27:13.253+0800][0.968s] GC(2)   Post Evacuate Collection Set: 0.2ms
[2025-04-13T23:27:13.253+0800][0.968s] GC(2)   Other: 0.0ms
[2025-04-13T23:27:13.253+0800][0.968s] GC(2) Eden regions: 18->0(79)
[2025-04-13T23:27:13.253+0800][0.968s] GC(2) Survivor regions: 8->2(9)
[2025-04-13T23:27:13.253+0800][0.968s] GC(2) Old regions: 15->23
[2025-04-13T23:27:13.253+0800][0.968s] GC(2) Humongous regions: 4->4
[2025-04-13T23:27:13.253+0800][0.968s] GC(2) Metaspace: 21200K(21504K)->21200K(21504K) NonClass: 18785K(18944K)->18785K(18944K) Class: 2414K(2560K)->2414K(2560K)
[2025-04-13T23:27:13.253+0800][0.968s] GC(2) Pause Young (Concurrent Start) (Metadata GC Threshold) 42M->26M(512M) 2.816ms
[2025-04-13T23:27:13.253+0800][0.968s] GC(3) Concurrent Mark Cycle
[2025-04-13T23:27:13.253+0800][0.968s] GC(2) User=0.01s Sys=0.00s Real=0.00s
[2025-04-13T23:27:13.253+0800][0.968s] GC(3) Concurrent Scan Root Regions
[2025-04-13T23:27:13.254+0800][0.969s] GC(3) Concurrent Scan Root Regions 0.978ms
[2025-04-13T23:27:13.254+0800][0.969s] GC(3) Concurrent Mark
[2025-04-13T23:27:13.254+0800][0.969s] GC(3) Concurrent Mark From Roots
[2025-04-13T23:27:13.254+0800][0.969s] GC(3) Using 2 workers of 2 for marking
[2025-04-13T23:27:13.258+0800][0.973s] GC(3) Concurrent Mark From Roots 4.241ms
[2025-04-13T23:27:13.258+0800][0.973s] GC(3) Concurrent Preclean
[2025-04-13T23:27:13.258+0800][0.973s] GC(3) Concurrent Preclean 0.009ms
[2025-04-13T23:27:13.259+0800][0.974s] GC(3) Pause Remark
[2025-04-13T23:27:13.260+0800][0.975s] GC(3) Pause Remark 28M->28M(512M) 0.920ms
[2025-04-13T23:27:13.260+0800][0.975s] GC(3) User=0.00s Sys=0.00s Real=0.01s
[2025-04-13T23:27:13.260+0800][0.975s] GC(3) Concurrent Mark 5.661ms
[2025-04-13T23:27:13.260+0800][0.975s] GC(3) Concurrent Rebuild Remembered Sets and Scrub Regions
[2025-04-13T23:27:13.263+0800][0.978s] GC(3) Concurrent Rebuild Remembered Sets and Scrub Regions 3.470ms
[2025-04-13T23:27:13.263+0800][0.978s] GC(3) Pause Cleanup
[2025-04-13T23:27:13.263+0800][0.978s] GC(3) Pause Cleanup 28M->28M(512M) 0.077ms
[2025-04-13T23:27:13.263+0800][0.978s] GC(3) User=0.00s Sys=0.00s Real=0.00s
[2025-04-13T23:27:13.263+0800][0.978s] GC(3) Concurrent Clear Claimed Marks
[2025-04-13T23:27:13.263+0800][0.978s] GC(3) Concurrent Clear Claimed Marks 0.015ms
[2025-04-13T23:27:13.263+0800][0.978s] GC(3) Concurrent Cleanup for Next Mark
[2025-04-13T23:27:13.264+0800][0.979s] GC(3) Concurrent Cleanup for Next Mark 0.512ms
[2025-04-13T23:27:13.264+0800][0.979s] GC(3) Concurrent Mark Cycle 10.810ms
[2025-04-13T23:27:13.824+0800][1.538s] GC(4) Pause Young (Prepare Mixed) (Metadata GC Threshold)
[2025-04-13T23:27:13.824+0800][1.539s] GC(4) Using 8 workers of 8 for evacuation
[2025-04-13T23:27:13.826+0800][1.541s] GC(4)   Pre Evacuate Collection Set: 0.1ms
[2025-04-13T23:27:13.826+0800][1.541s] GC(4)   Merge Heap Roots: 0.1ms
[2025-04-13T23:27:13.826+0800][1.541s] GC(4)   Evacuate Collection Set: 2.2ms
[2025-04-13T23:27:13.826+0800][1.541s] GC(4)   Post Evacuate Collection Set: 0.3ms
[2025-04-13T23:27:13.826+0800][1.541s] GC(4)   Other: 0.0ms
[2025-04-13T23:27:13.826+0800][1.541s] GC(4) Eden regions: 70->0(301)
[2025-04-13T23:27:13.826+0800][1.541s] GC(4) Survivor regions: 2->6(11)
[2025-04-13T23:27:13.826+0800][1.541s] GC(4) Old regions: 23->23
[2025-04-13T23:27:13.826+0800][1.541s] GC(4) Humongous regions: 4->4
[2025-04-13T23:27:13.826+0800][1.541s] GC(4) Metaspace: 35985K(36288K)->35985K(36288K) NonClass: 31892K(32064K)->31892K(32064K) Class: 4093K(4224K)->4093K(4224K)
[2025-04-13T23:27:13.826+0800][1.541s] GC(4) Pause Young (Prepare Mixed) (Metadata GC Threshold) 96M->31M(512M) 2.788ms
[2025-04-13T23:27:13.826+0800][1.541s] GC(4) User=0.01s Sys=0.00s Real=0.00s
[2025-04-13T23:27:13.841+0800][1.556s] GC(5) Pause Young (Mixed) (Metadata GC Threshold)
[2025-04-13T23:27:13.841+0800][1.556s] GC(5) Using 8 workers of 8 for evacuation
[2025-04-13T23:27:13.842+0800][1.557s] GC(5)   Pre Evacuate Collection Set: 0.1ms
[2025-04-13T23:27:13.843+0800][1.557s] GC(5)   Merge Heap Roots: 0.0ms
[2025-04-13T23:27:13.843+0800][1.557s] GC(5)   Evacuate Collection Set: 1.4ms
[2025-04-13T23:27:13.843+0800][1.557s] GC(5)   Post Evacuate Collection Set: 0.3ms
[2025-04-13T23:27:13.843+0800][1.557s] GC(5)   Other: 0.0ms
[2025-04-13T23:27:13.843+0800][1.557s] GC(5) Eden regions: 3->0(301)
[2025-04-13T23:27:13.843+0800][1.557s] GC(5) Survivor regions: 6->6(39)
[2025-04-13T23:27:13.843+0800][1.557s] GC(5) Old regions: 23->22
[2025-04-13T23:27:13.843+0800][1.557s] GC(5) Humongous regions: 4->4
[2025-04-13T23:27:13.843+0800][1.557s] GC(5) Metaspace: 36310K(36608K)->36310K(36608K) NonClass: 32153K(32320K)->32153K(32320K) Class: 4157K(4288K)->4157K(4288K)
[2025-04-13T23:27:13.843+0800][1.557s] GC(5) Pause Young (Mixed) (Metadata GC Threshold) 34M->31M(512M) 1.957ms
[2025-04-13T23:27:13.843+0800][1.557s] GC(5) User=0.02s Sys=0.00s Real=0.00s
[2025-04-13T23:27:13.851+0800][1.566s] GC(6) Pause Young (Concurrent Start) (Metadata GC Threshold)
[2025-04-13T23:27:13.851+0800][1.566s] GC(6) Using 8 workers of 8 for evacuation
[2025-04-13T23:27:13.853+0800][1.568s] GC(6)   Pre Evacuate Collection Set: 0.1ms
[2025-04-13T23:27:13.853+0800][1.568s] GC(6)   Merge Heap Roots: 0.0ms
[2025-04-13T23:27:13.853+0800][1.568s] GC(6)   Evacuate Collection Set: 1.7ms
[2025-04-13T23:27:13.853+0800][1.568s] GC(6)   Post Evacuate Collection Set: 0.3ms
[2025-04-13T23:27:13.853+0800][1.568s] GC(6)   Other: 0.0ms
[2025-04-13T23:27:13.853+0800][1.568s] GC(6) Eden regions: 2->0(301)
[2025-04-13T23:27:13.853+0800][1.568s] GC(6) Survivor regions: 6->6(39)
[2025-04-13T23:27:13.853+0800][1.568s] GC(6) Old regions: 22->22
[2025-04-13T23:27:13.853+0800][1.568s] GC(6) Humongous regions: 4->4
[2025-04-13T23:27:13.853+0800][1.568s] GC(6) Metaspace: 36623K(36928K)->36623K(36928K) NonClass: 32410K(32576K)->32410K(32576K) Class: 4213K(4352K)->4213K(4352K)
[2025-04-13T23:27:13.853+0800][1.568s] GC(6) Pause Young (Concurrent Start) (Metadata GC Threshold) 33M->31M(512M) 2.226ms
[2025-04-13T23:27:13.853+0800][1.568s] GC(7) Concurrent Mark Cycle
[2025-04-13T23:27:13.853+0800][1.568s] GC(6) User=0.01s Sys=0.00s Real=0.00s
[2025-04-13T23:27:13.853+0800][1.568s] GC(7) Concurrent Scan Root Regions
[2025-04-13T23:27:13.855+0800][1.570s] GC(7) Concurrent Scan Root Regions 1.290ms
[2025-04-13T23:27:13.855+0800][1.570s] GC(7) Concurrent Mark
[2025-04-13T23:27:13.855+0800][1.570s] GC(7) Concurrent Mark From Roots
[2025-04-13T23:27:13.855+0800][1.570s] GC(7) Using 2 workers of 2 for marking
[2025-04-13T23:27:13.861+0800][1.576s] GC(7) Concurrent Mark From Roots 5.940ms
[2025-04-13T23:27:13.861+0800][1.576s] GC(7) Concurrent Preclean
[2025-04-13T23:27:13.861+0800][1.576s] GC(7) Concurrent Preclean 0.040ms
[2025-04-13T23:27:13.861+0800][1.576s] GC(7) Pause Remark
[2025-04-13T23:27:13.862+0800][1.577s] GC(7) Pause Remark 33M->33M(512M) 1.523ms
[2025-04-13T23:27:13.862+0800][1.577s] GC(7) User=0.01s Sys=0.00s Real=0.00s
[2025-04-13T23:27:13.862+0800][1.577s] GC(7) Concurrent Mark 7.593ms
[2025-04-13T23:27:13.862+0800][1.577s] GC(7) Concurrent Rebuild Remembered Sets and Scrub Regions
[2025-04-13T23:27:13.865+0800][1.580s] GC(7) Concurrent Rebuild Remembered Sets and Scrub Regions 2.927ms
[2025-04-13T23:27:13.865+0800][1.580s] GC(7) Pause Cleanup
[2025-04-13T23:27:13.866+0800][1.580s] GC(7) Pause Cleanup 34M->34M(512M) 0.100ms
[2025-04-13T23:27:13.866+0800][1.580s] GC(7) User=0.00s Sys=0.00s Real=0.00s
[2025-04-13T23:27:13.866+0800][1.580s] GC(7) Concurrent Clear Claimed Marks
[2025-04-13T23:27:13.866+0800][1.580s] GC(7) Concurrent Clear Claimed Marks 0.039ms
[2025-04-13T23:27:13.866+0800][1.580s] GC(7) Concurrent Cleanup for Next Mark
[2025-04-13T23:27:13.866+0800][1.581s] GC(7) Concurrent Cleanup for Next Mark 0.252ms
[2025-04-13T23:27:13.866+0800][1.581s] GC(7) Concurrent Mark Cycle 12.357ms
[2025-04-13T23:29:58.507+0800][166.248s] Heap
[2025-04-13T23:29:58.508+0800][166.249s]  garbage-first heap   total 524288K, used 155528K [0x00000007e0000000, 0x0000000800000000)
[2025-04-13T23:29:58.508+0800][166.249s]   region size 1024K, 122 young (124928K), 6 survivors (6144K)
[2025-04-13T23:29:58.508+0800][166.249s]  Metaspace       used 52110K, committed 52544K, reserved 1114112K
[2025-04-13T23:29:58.508+0800][166.249s]   class space    used 6160K, committed 6336K, reserved 1048576K
